[debug] [2021-09-08T13:01:47.241Z] ----------------------------------------------------------------------
[debug] [2021-09-08T13:01:47.242Z] Command:       /home/tommyhooper/.nvm/versions/node/v14.16.0/bin/node /home/tommyhooper/.nvm/versions/node/v14.16.0/bin/firebase serve
[debug] [2021-09-08T13:01:47.242Z] CLI Version:   9.17.0
[debug] [2021-09-08T13:01:47.242Z] Platform:      linux
[debug] [2021-09-08T13:01:47.243Z] Node Version:  v14.16.0
[debug] [2021-09-08T13:01:47.243Z] Time:          Wed Sep 08 2021 15:01:47 GMT+0200 (Central European Summer Time)
[debug] [2021-09-08T13:01:47.243Z] ----------------------------------------------------------------------
[debug] 
[debug] [2021-09-08T13:01:47.283Z] > command requires scopes: ["email","openid","https://www.googleapis.com/auth/cloudplatformprojects.readonly","https://www.googleapis.com/auth/firebase","https://www.googleapis.com/auth/cloud-platform"]
[debug] [2021-09-08T13:01:47.283Z] > authorizing via signed-in user (tommyhooper1994@gmail.com)
[debug] [2021-09-08T13:01:47.283Z] [iam] checking project test-project-6e333 for permissions ["firebase.projects.get"]
[debug] [2021-09-08T13:01:47.284Z] > refreshing access token with scopes: ["email","https://www.googleapis.com/auth/cloud-platform","https://www.googleapis.com/auth/cloudplatformprojects.readonly","https://www.googleapis.com/auth/firebase","openid"]
[debug] [2021-09-08T13:01:47.284Z] >>> HTTP REQUEST POST https://www.googleapis.com/oauth2/v3/token  
 <request body omitted>
[debug] [2021-09-08T13:01:47.441Z] <<< HTTP RESPONSE 200 {"date":"Wed, 08 Sep 2021 13:01:47 GMT","pragma":"no-cache","expires":"Mon, 01 Jan 1990 00:00:00 GMT","cache-control":"no-cache, no-store, max-age=0, must-revalidate","content-type":"application/json; charset=utf-8","vary":"X-Origin, Referer, Origin,Accept-Encoding","server":"scaffolding on HTTPServer2","x-xss-protection":"0","x-frame-options":"SAMEORIGIN","x-content-type-options":"nosniff","alt-svc":"h3=\":443\"; ma=2592000,h3-29=\":443\"; ma=2592000,h3-T051=\":443\"; ma=2592000,h3-Q050=\":443\"; ma=2592000,h3-Q046=\":443\"; ma=2592000,h3-Q043=\":443\"; ma=2592000,quic=\":443\"; ma=2592000; v=\"46,43\"","accept-ranges":"none","transfer-encoding":"chunked"}
[debug] [2021-09-08T13:01:47.448Z] >>> HTTP REQUEST POST https://cloudresourcemanager.googleapis.com/v1/projects/test-project-6e333:testIamPermissions  
 {"permissions":["firebase.projects.get"]}
[debug] [2021-09-08T13:01:48.193Z] <<< HTTP RESPONSE 200 {"content-type":"application/json; charset=UTF-8","vary":"X-Origin, Referer, Origin,Accept-Encoding","date":"Wed, 08 Sep 2021 13:01:48 GMT","server":"ESF","cache-control":"private","x-xss-protection":"0","x-frame-options":"SAMEORIGIN","x-content-type-options":"nosniff","server-timing":"gfet4t7; dur=645","alt-svc":"h3=\":443\"; ma=2592000,h3-29=\":443\"; ma=2592000,h3-T051=\":443\"; ma=2592000,h3-Q050=\":443\"; ma=2592000,h3-Q046=\":443\"; ma=2592000,h3-Q043=\":443\"; ma=2592000,quic=\":443\"; ma=2592000; v=\"46,43\"","accept-ranges":"none","transfer-encoding":"chunked"}
[debug] [2021-09-08T13:01:48.197Z] > refreshing access token with scopes: []
[debug] [2021-09-08T13:01:48.197Z] >>> HTTP REQUEST POST https://www.googleapis.com/oauth2/v3/token  
 <request body omitted>
[debug] [2021-09-08T13:01:48.336Z] <<< HTTP RESPONSE 200 {"cache-control":"no-cache, no-store, max-age=0, must-revalidate","pragma":"no-cache","date":"Wed, 08 Sep 2021 13:01:48 GMT","expires":"Mon, 01 Jan 1990 00:00:00 GMT","content-type":"application/json; charset=utf-8","vary":"X-Origin, Referer, Origin,Accept-Encoding","server":"scaffolding on HTTPServer2","x-xss-protection":"0","x-frame-options":"SAMEORIGIN","x-content-type-options":"nosniff","alt-svc":"h3=\":443\"; ma=2592000,h3-29=\":443\"; ma=2592000,h3-T051=\":443\"; ma=2592000,h3-Q050=\":443\"; ma=2592000,h3-Q046=\":443\"; ma=2592000,h3-Q043=\":443\"; ma=2592000,quic=\":443\"; ma=2592000; v=\"46,43\"","accept-ranges":"none","transfer-encoding":"chunked"}
[debug] [2021-09-08T13:01:48.350Z] >>> [apiv2][query] GET https://firebase.googleapis.com/v1beta1/projects/test-project-6e333 [none]
[debug] [2021-09-08T13:01:48.614Z] <<< [apiv2][status] GET https://firebase.googleapis.com/v1beta1/projects/test-project-6e333 200
[debug] [2021-09-08T13:01:48.614Z] <<< [apiv2][body] GET https://firebase.googleapis.com/v1beta1/projects/test-project-6e333 {"projectId":"test-project-6e333","projectNumber":"353522594844","displayName":"test-project","name":"projects/test-project-6e333","resources":{"hostingSite":"test-project-6e333","storageBucket":"test-project-6e333.appspot.com","locationId":"us-central"},"state":"ACTIVE"}
[info] 
[info] === Serving from '/home/tommyhooper'...
[info] 
[info] ✔  functions: Using node@14 from host. {"metadata":{"emulator":{"name":"functions"},"message":"Using node@14 from host."}}
[debug] [2021-09-08T13:01:48.645Z] defaultcredentials: writing to file /home/tommyhooper/.config/firebase/tommyhooper1994_gmail_com_application_default_credentials.json
[debug] [2021-09-08T13:01:48.647Z] Setting GAC to /home/tommyhooper/.config/firebase/tommyhooper1994_gmail_com_application_default_credentials.json {"metadata":{"emulator":{"name":"functions"},"message":"Setting GAC to /home/tommyhooper/.config/firebase/tommyhooper1994_gmail_com_application_default_credentials.json"}}
[debug] [2021-09-08T13:01:48.648Z] >>> [apiv2][query] GET https://firebase.googleapis.com/v1beta1/projects/test-project-6e333/adminSdkConfig [none]
[debug] [2021-09-08T13:01:48.991Z] <<< [apiv2][status] GET https://firebase.googleapis.com/v1beta1/projects/test-project-6e333/adminSdkConfig 200
[debug] [2021-09-08T13:01:48.992Z] <<< [apiv2][body] GET https://firebase.googleapis.com/v1beta1/projects/test-project-6e333/adminSdkConfig {"projectId":"test-project-6e333","storageBucket":"test-project-6e333.appspot.com","locationId":"us-central"}
[info] i  functions: Watching "/home/tommyhooper/functions" for Cloud Functions... {"metadata":{"emulator":{"name":"functions"},"message":"Watching \"/home/tommyhooper/functions\" for Cloud Functions..."}}
[debug] [2021-09-08T13:01:49.056Z] [worker-pool] addWorker(~diagnostic~) {"metadata":{"emulator":{"name":"functions"},"message":"[worker-pool] addWorker(~diagnostic~)"}}
[debug] [2021-09-08T13:01:49.056Z] [worker-pool] Adding worker with key ~diagnostic~, total=1 {"metadata":{"emulator":{"name":"functions"},"message":"[worker-pool] Adding worker with key ~diagnostic~, total=1"}}
[debug] [2021-09-08T13:01:49.056Z] [worker-pool] submitWork(triggerId=) {"metadata":{"emulator":{"name":"functions"},"message":"[worker-pool] submitWork(triggerId=)"}}
[debug] [2021-09-08T13:01:49.057Z] [worker-~diagnostic~-d8788055-2650-415b-9c77-6ee64e83654b]: Assigning socketPath: /tmp/fire_emu_16423.sock {"metadata":{"emulator":{"name":"functions"},"message":"[worker-~diagnostic~-d8788055-2650-415b-9c77-6ee64e83654b]: Assigning socketPath: /tmp/fire_emu_16423.sock"}}
[debug] [2021-09-08T13:01:49.057Z] [worker-~diagnostic~-d8788055-2650-415b-9c77-6ee64e83654b]: BUSY {"metadata":{"emulator":{"name":"functions"},"message":"[worker-~diagnostic~-d8788055-2650-415b-9c77-6ee64e83654b]: BUSY"}}
[debug] [2021-09-08T13:01:49.257Z] [runtime-status] [16423] Functions runtime initialized. {"cwd":"/home/tommyhooper/functions","node_version":"14.16.0"} {"metadata":{"emulator":{"name":"functions"},"message":"[runtime-status] [16423] Functions runtime initialized. {\"cwd\":\"/home/tommyhooper/functions\",\"node_version\":\"14.16.0\"}"}}
[debug] [2021-09-08T13:01:49.258Z] [runtime-status] [16423] Disabled runtime features: undefined {"metadata":{"emulator":{"name":"functions"},"message":"[runtime-status] [16423] Disabled runtime features: undefined"}}
[debug] [2021-09-08T13:01:49.260Z] [runtime-status] [16423] Resolved module firebase-admin {"declared":true,"installed":true,"version":"9.11.1","resolution":"/home/tommyhooper/functions/node_modules/firebase-admin/lib/index.js"} {"metadata":{"emulator":{"name":"functions"},"message":"[runtime-status] [16423] Resolved module firebase-admin {\"declared\":true,\"installed\":true,\"version\":\"9.11.1\",\"resolution\":\"/home/tommyhooper/functions/node_modules/firebase-admin/lib/index.js\"}"}}
[debug] [2021-09-08T13:01:49.262Z] [runtime-status] [16423] Resolved module firebase-functions {"declared":true,"installed":true,"version":"3.15.5","resolution":"/home/tommyhooper/functions/node_modules/firebase-functions/lib/index.js"} {"metadata":{"emulator":{"name":"functions"},"message":"[runtime-status] [16423] Resolved module firebase-functions {\"declared\":true,\"installed\":true,\"version\":\"3.15.5\",\"resolution\":\"/home/tommyhooper/functions/node_modules/firebase-functions/lib/index.js\"}"}}
[debug] [2021-09-08T13:01:49.263Z] [runtime-status] [16423] Resolved module firebase-functions {"declared":true,"installed":true,"version":"3.15.5","resolution":"/home/tommyhooper/functions/node_modules/firebase-functions/lib/index.js"} {"metadata":{"emulator":{"name":"functions"},"message":"[runtime-status] [16423] Resolved module firebase-functions {\"declared\":true,\"installed\":true,\"version\":\"3.15.5\",\"resolution\":\"/home/tommyhooper/functions/node_modules/firebase-functions/lib/index.js\"}"}}
[debug] [2021-09-08T13:01:49.265Z] [runtime-status] [16423] Outgoing network have been stubbed. [{"name":"http","status":"mocked"},{"name":"http","status":"mocked"},{"name":"https","status":"mocked"},{"name":"https","status":"mocked"},{"name":"net","status":"mocked"}] {"metadata":{"emulator":{"name":"functions"},"message":"[runtime-status] [16423] Outgoing network have been stubbed. [{\"name\":\"http\",\"status\":\"mocked\"},{\"name\":\"http\",\"status\":\"mocked\"},{\"name\":\"https\",\"status\":\"mocked\"},{\"name\":\"https\",\"status\":\"mocked\"},{\"name\":\"net\",\"status\":\"mocked\"}]"}}
[debug] [2021-09-08T13:01:49.265Z] [runtime-status] [16423] Resolved module firebase-functions {"declared":true,"installed":true,"version":"3.15.5","resolution":"/home/tommyhooper/functions/node_modules/firebase-functions/lib/index.js"} {"metadata":{"emulator":{"name":"functions"},"message":"[runtime-status] [16423] Resolved module firebase-functions {\"declared\":true,\"installed\":true,\"version\":\"3.15.5\",\"resolution\":\"/home/tommyhooper/functions/node_modules/firebase-functions/lib/index.js\"}"}}
[debug] [2021-09-08T13:01:49.290Z] [runtime-status] [16423] Checked functions.config() {"config":{}} {"metadata":{"emulator":{"name":"functions"},"message":"[runtime-status] [16423] Checked functions.config() {\"config\":{}}"}}
[debug] [2021-09-08T13:01:49.290Z] [runtime-status] [16423] firebase-functions has been stubbed. {"functionsResolution":{"declared":true,"installed":true,"version":"3.15.5","resolution":"/home/tommyhooper/functions/node_modules/firebase-functions/lib/index.js"}} {"metadata":{"emulator":{"name":"functions"},"message":"[runtime-status] [16423] firebase-functions has been stubbed. {\"functionsResolution\":{\"declared\":true,\"installed\":true,\"version\":\"3.15.5\",\"resolution\":\"/home/tommyhooper/functions/node_modules/firebase-functions/lib/index.js\"}}"}}
[debug] [2021-09-08T13:01:49.290Z] [runtime-status] [16423] Resolved module firebase-functions {"declared":true,"installed":true,"version":"3.15.5","resolution":"/home/tommyhooper/functions/node_modules/firebase-functions/lib/index.js"} {"metadata":{"emulator":{"name":"functions"},"message":"[runtime-status] [16423] Resolved module firebase-functions {\"declared\":true,\"installed\":true,\"version\":\"3.15.5\",\"resolution\":\"/home/tommyhooper/functions/node_modules/firebase-functions/lib/index.js\"}"}}
[debug] [2021-09-08T13:01:49.291Z] [runtime-status] [16423] Resolved module firebase-admin {"declared":true,"installed":true,"version":"9.11.1","resolution":"/home/tommyhooper/functions/node_modules/firebase-admin/lib/index.js"} {"metadata":{"emulator":{"name":"functions"},"message":"[runtime-status] [16423] Resolved module firebase-admin {\"declared\":true,\"installed\":true,\"version\":\"9.11.1\",\"resolution\":\"/home/tommyhooper/functions/node_modules/firebase-admin/lib/index.js\"}"}}
[debug] [2021-09-08T13:01:49.292Z] [runtime-status] [16423] Resolved module firebase-functions {"declared":true,"installed":true,"version":"3.15.5","resolution":"/home/tommyhooper/functions/node_modules/firebase-functions/lib/index.js"} {"metadata":{"emulator":{"name":"functions"},"message":"[runtime-status] [16423] Resolved module firebase-functions {\"declared\":true,\"installed\":true,\"version\":\"3.15.5\",\"resolution\":\"/home/tommyhooper/functions/node_modules/firebase-functions/lib/index.js\"}"}}
[debug] [2021-09-08T13:01:49.292Z] [runtime-status] [16423] firebase-admin has been stubbed. {"adminResolution":{"declared":true,"installed":true,"version":"9.11.1","resolution":"/home/tommyhooper/functions/node_modules/firebase-admin/lib/index.js"}} {"metadata":{"emulator":{"name":"functions"},"message":"[runtime-status] [16423] firebase-admin has been stubbed. {\"adminResolution\":{\"declared\":true,\"installed\":true,\"version\":\"9.11.1\",\"resolution\":\"/home/tommyhooper/functions/node_modules/firebase-admin/lib/index.js\"}}"}}
[debug] [2021-09-08T13:01:49.328Z] [runtime-status] [16423] initializeApp(DEFAULT) {"storageBucket":"test-project-6e333.appspot.com","projectId":"test-project-6e333"} {"metadata":{"emulator":{"name":"functions"},"message":"[runtime-status] [16423] initializeApp(DEFAULT) {\"storageBucket\":\"test-project-6e333.appspot.com\",\"projectId\":\"test-project-6e333\"}"}}
[warn] ⚠  functions: The Cloud Firestore emulator is not running, so calls to Firestore will affect production. {"metadata":{"emulator":{"name":"functions"},"message":"The Cloud Firestore emulator is not running, so calls to Firestore will affect production."}}
[info] ✔  functions[us-central1-api]: http function initialized (http://localhost:5000/test-project-6e333/us-central1/api). {"metadata":{"emulator":{"name":"functions"},"message":"\u001b[1mhttp\u001b[22m function initialized (http://localhost:5000/test-project-6e333/us-central1/api)."}}
[debug] [2021-09-08T13:01:49.342Z] [worker-~diagnostic~-d8788055-2650-415b-9c77-6ee64e83654b]: IDLE {"metadata":{"emulator":{"name":"functions"},"message":"[worker-~diagnostic~-d8788055-2650-415b-9c77-6ee64e83654b]: IDLE"}}
[debug] [2021-09-08T13:02:07.636Z] File /home/tommyhooper/functions/APIs/todos.js changed, reloading triggers {"metadata":{"emulator":{"name":"functions"},"message":"File /home/tommyhooper/functions/APIs/todos.js changed, reloading triggers"}}
[debug] [2021-09-08T13:02:08.639Z] [worker-pool] Shutting down IDLE worker (~diagnostic~) {"metadata":{"emulator":{"name":"functions"},"message":"[worker-pool] Shutting down IDLE worker (~diagnostic~)"}}
[debug] [2021-09-08T13:02:08.639Z] [worker-~diagnostic~-d8788055-2650-415b-9c77-6ee64e83654b]: FINISHING {"metadata":{"emulator":{"name":"functions"},"message":"[worker-~diagnostic~-d8788055-2650-415b-9c77-6ee64e83654b]: FINISHING"}}
[debug] [2021-09-08T13:02:08.651Z] [worker-pool] addWorker(~diagnostic~) {"metadata":{"emulator":{"name":"functions"},"message":"[worker-pool] addWorker(~diagnostic~)"}}
[debug] [2021-09-08T13:02:08.652Z] [worker-pool] Adding worker with key ~diagnostic~, total=2 {"metadata":{"emulator":{"name":"functions"},"message":"[worker-pool] Adding worker with key ~diagnostic~, total=2"}}
[debug] [2021-09-08T13:02:08.652Z] [worker-pool] submitWork(triggerId=) {"metadata":{"emulator":{"name":"functions"},"message":"[worker-pool] submitWork(triggerId=)"}}
[debug] [2021-09-08T13:02:08.652Z] [worker-~diagnostic~-a0f6743e-6e2f-4e31-a879-c3285ccb1018]: Assigning socketPath: /tmp/fire_emu_16465.sock {"metadata":{"emulator":{"name":"functions"},"message":"[worker-~diagnostic~-a0f6743e-6e2f-4e31-a879-c3285ccb1018]: Assigning socketPath: /tmp/fire_emu_16465.sock"}}
[debug] [2021-09-08T13:02:08.653Z] [worker-~diagnostic~-a0f6743e-6e2f-4e31-a879-c3285ccb1018]: BUSY {"metadata":{"emulator":{"name":"functions"},"message":"[worker-~diagnostic~-a0f6743e-6e2f-4e31-a879-c3285ccb1018]: BUSY"}}
[debug] [2021-09-08T13:02:08.658Z] [worker-~diagnostic~-d8788055-2650-415b-9c77-6ee64e83654b]: exited {"metadata":{"emulator":{"name":"functions"},"message":"[worker-~diagnostic~-d8788055-2650-415b-9c77-6ee64e83654b]: exited"}}
[debug] [2021-09-08T13:02:08.658Z] [worker-~diagnostic~-d8788055-2650-415b-9c77-6ee64e83654b]: FINISHED {"metadata":{"emulator":{"name":"functions"},"message":"[worker-~diagnostic~-d8788055-2650-415b-9c77-6ee64e83654b]: FINISHED"}}
[debug] [2021-09-08T13:02:08.850Z] [runtime-status] [16465] Functions runtime initialized. {"cwd":"/home/tommyhooper/functions","node_version":"14.16.0"} {"metadata":{"emulator":{"name":"functions"},"message":"[runtime-status] [16465] Functions runtime initialized. {\"cwd\":\"/home/tommyhooper/functions\",\"node_version\":\"14.16.0\"}"}}
[debug] [2021-09-08T13:02:08.852Z] [runtime-status] [16465] Disabled runtime features: undefined {"metadata":{"emulator":{"name":"functions"},"message":"[runtime-status] [16465] Disabled runtime features: undefined"}}
[debug] [2021-09-08T13:02:08.854Z] [runtime-status] [16465] Resolved module firebase-admin {"declared":true,"installed":true,"version":"9.11.1","resolution":"/home/tommyhooper/functions/node_modules/firebase-admin/lib/index.js"} {"metadata":{"emulator":{"name":"functions"},"message":"[runtime-status] [16465] Resolved module firebase-admin {\"declared\":true,\"installed\":true,\"version\":\"9.11.1\",\"resolution\":\"/home/tommyhooper/functions/node_modules/firebase-admin/lib/index.js\"}"}}
[debug] [2021-09-08T13:02:08.857Z] [runtime-status] [16465] Resolved module firebase-functions {"declared":true,"installed":true,"version":"3.15.5","resolution":"/home/tommyhooper/functions/node_modules/firebase-functions/lib/index.js"} {"metadata":{"emulator":{"name":"functions"},"message":"[runtime-status] [16465] Resolved module firebase-functions {\"declared\":true,\"installed\":true,\"version\":\"3.15.5\",\"resolution\":\"/home/tommyhooper/functions/node_modules/firebase-functions/lib/index.js\"}"}}
[debug] [2021-09-08T13:02:08.858Z] [runtime-status] [16465] Resolved module firebase-functions {"declared":true,"installed":true,"version":"3.15.5","resolution":"/home/tommyhooper/functions/node_modules/firebase-functions/lib/index.js"} {"metadata":{"emulator":{"name":"functions"},"message":"[runtime-status] [16465] Resolved module firebase-functions {\"declared\":true,\"installed\":true,\"version\":\"3.15.5\",\"resolution\":\"/home/tommyhooper/functions/node_modules/firebase-functions/lib/index.js\"}"}}
[debug] [2021-09-08T13:02:08.860Z] [runtime-status] [16465] Outgoing network have been stubbed. [{"name":"http","status":"mocked"},{"name":"http","status":"mocked"},{"name":"https","status":"mocked"},{"name":"https","status":"mocked"},{"name":"net","status":"mocked"}] {"metadata":{"emulator":{"name":"functions"},"message":"[runtime-status] [16465] Outgoing network have been stubbed. [{\"name\":\"http\",\"status\":\"mocked\"},{\"name\":\"http\",\"status\":\"mocked\"},{\"name\":\"https\",\"status\":\"mocked\"},{\"name\":\"https\",\"status\":\"mocked\"},{\"name\":\"net\",\"status\":\"mocked\"}]"}}
[debug] [2021-09-08T13:02:08.861Z] [runtime-status] [16465] Resolved module firebase-functions {"declared":true,"installed":true,"version":"3.15.5","resolution":"/home/tommyhooper/functions/node_modules/firebase-functions/lib/index.js"} {"metadata":{"emulator":{"name":"functions"},"message":"[runtime-status] [16465] Resolved module firebase-functions {\"declared\":true,\"installed\":true,\"version\":\"3.15.5\",\"resolution\":\"/home/tommyhooper/functions/node_modules/firebase-functions/lib/index.js\"}"}}
[debug] [2021-09-08T13:02:08.889Z] [runtime-status] [16465] Checked functions.config() {"config":{}} {"metadata":{"emulator":{"name":"functions"},"message":"[runtime-status] [16465] Checked functions.config() {\"config\":{}}"}}
[debug] [2021-09-08T13:02:08.889Z] [runtime-status] [16465] firebase-functions has been stubbed. {"functionsResolution":{"declared":true,"installed":true,"version":"3.15.5","resolution":"/home/tommyhooper/functions/node_modules/firebase-functions/lib/index.js"}} {"metadata":{"emulator":{"name":"functions"},"message":"[runtime-status] [16465] firebase-functions has been stubbed. {\"functionsResolution\":{\"declared\":true,\"installed\":true,\"version\":\"3.15.5\",\"resolution\":\"/home/tommyhooper/functions/node_modules/firebase-functions/lib/index.js\"}}"}}
[debug] [2021-09-08T13:02:08.890Z] [runtime-status] [16465] Resolved module firebase-functions {"declared":true,"installed":true,"version":"3.15.5","resolution":"/home/tommyhooper/functions/node_modules/firebase-functions/lib/index.js"} {"metadata":{"emulator":{"name":"functions"},"message":"[runtime-status] [16465] Resolved module firebase-functions {\"declared\":true,\"installed\":true,\"version\":\"3.15.5\",\"resolution\":\"/home/tommyhooper/functions/node_modules/firebase-functions/lib/index.js\"}"}}
[debug] [2021-09-08T13:02:08.891Z] [runtime-status] [16465] Resolved module firebase-admin {"declared":true,"installed":true,"version":"9.11.1","resolution":"/home/tommyhooper/functions/node_modules/firebase-admin/lib/index.js"} {"metadata":{"emulator":{"name":"functions"},"message":"[runtime-status] [16465] Resolved module firebase-admin {\"declared\":true,\"installed\":true,\"version\":\"9.11.1\",\"resolution\":\"/home/tommyhooper/functions/node_modules/firebase-admin/lib/index.js\"}"}}
[debug] [2021-09-08T13:02:08.892Z] [runtime-status] [16465] Resolved module firebase-functions {"declared":true,"installed":true,"version":"3.15.5","resolution":"/home/tommyhooper/functions/node_modules/firebase-functions/lib/index.js"} {"metadata":{"emulator":{"name":"functions"},"message":"[runtime-status] [16465] Resolved module firebase-functions {\"declared\":true,\"installed\":true,\"version\":\"3.15.5\",\"resolution\":\"/home/tommyhooper/functions/node_modules/firebase-functions/lib/index.js\"}"}}
[debug] [2021-09-08T13:02:08.892Z] [runtime-status] [16465] firebase-admin has been stubbed. {"adminResolution":{"declared":true,"installed":true,"version":"9.11.1","resolution":"/home/tommyhooper/functions/node_modules/firebase-admin/lib/index.js"}} {"metadata":{"emulator":{"name":"functions"},"message":"[runtime-status] [16465] firebase-admin has been stubbed. {\"adminResolution\":{\"declared\":true,\"installed\":true,\"version\":\"9.11.1\",\"resolution\":\"/home/tommyhooper/functions/node_modules/firebase-admin/lib/index.js\"}}"}}
[debug] [2021-09-08T13:02:08.931Z] [runtime-status] [16465] initializeApp(DEFAULT) {"storageBucket":"test-project-6e333.appspot.com","projectId":"test-project-6e333"} {"metadata":{"emulator":{"name":"functions"},"message":"[runtime-status] [16465] initializeApp(DEFAULT) {\"storageBucket\":\"test-project-6e333.appspot.com\",\"projectId\":\"test-project-6e333\"}"}}
[debug] [2021-09-08T13:02:08.944Z] [worker-~diagnostic~-a0f6743e-6e2f-4e31-a879-c3285ccb1018]: IDLE {"metadata":{"emulator":{"name":"functions"},"message":"[worker-~diagnostic~-a0f6743e-6e2f-4e31-a879-c3285ccb1018]: IDLE"}}
[debug] [2021-09-08T13:02:09.778Z] [work-queue] {"queueLength":1,"workRunningCount":0}
[debug] [2021-09-08T13:02:09.779Z] [work-queue] {"queueLength":0,"workRunningCount":1}
[debug] [2021-09-08T13:02:09.780Z] Accepted request GET /test-project-6e333/us-central1/api/todos --> us-central1-api
[debug] [2021-09-08T13:02:09.783Z] [worker-pool] Cleaned up workers for ~diagnostic~: 2 --> 1 {"metadata":{"emulator":{"name":"functions"},"message":"[worker-pool] Cleaned up workers for ~diagnostic~: 2 --> 1"}}
[debug] [2021-09-08T13:02:09.796Z] [worker-pool] addWorker(us-central1-api) {"metadata":{"emulator":{"name":"functions"},"message":"[worker-pool] addWorker(us-central1-api)"}}
[debug] [2021-09-08T13:02:09.797Z] [worker-pool] Adding worker with key us-central1-api, total=1 {"metadata":{"emulator":{"name":"functions"},"message":"[worker-pool] Adding worker with key us-central1-api, total=1"}}
[debug] [2021-09-08T13:02:09.798Z] [worker-pool] submitWork(triggerId=us-central1-api) {"metadata":{"emulator":{"name":"functions"},"message":"[worker-pool] submitWork(triggerId=us-central1-api)"}}
[debug] [2021-09-08T13:02:09.798Z] [worker-us-central1-api-948be60d-783a-4cfd-814d-761356bb546c]: Assigning socketPath: /tmp/fire_emu_16473.sock {"metadata":{"emulator":{"name":"functions"},"message":"[worker-us-central1-api-948be60d-783a-4cfd-814d-761356bb546c]: Assigning socketPath: /tmp/fire_emu_16473.sock"}}
[debug] [2021-09-08T13:02:09.799Z] [worker-us-central1-api-948be60d-783a-4cfd-814d-761356bb546c]: BUSY {"metadata":{"emulator":{"name":"functions"},"message":"[worker-us-central1-api-948be60d-783a-4cfd-814d-761356bb546c]: BUSY"}}
[debug] [2021-09-08T13:02:10.017Z] [runtime-status] [16473] Functions runtime initialized. {"cwd":"/home/tommyhooper/functions","node_version":"14.16.0"} {"metadata":{"emulator":{"name":"functions"},"function":{"name":"us-central1-api"},"message":"[runtime-status] [16473] Functions runtime initialized. {\"cwd\":\"/home/tommyhooper/functions\",\"node_version\":\"14.16.0\"}"}}
[debug] [2021-09-08T13:02:10.018Z] [runtime-status] [16473] Disabled runtime features: undefined {"metadata":{"emulator":{"name":"functions"},"function":{"name":"us-central1-api"},"message":"[runtime-status] [16473] Disabled runtime features: undefined"}}
[debug] [2021-09-08T13:02:10.020Z] [runtime-status] [16473] Resolved module firebase-admin {"declared":true,"installed":true,"version":"9.11.1","resolution":"/home/tommyhooper/functions/node_modules/firebase-admin/lib/index.js"} {"metadata":{"emulator":{"name":"functions"},"function":{"name":"us-central1-api"},"message":"[runtime-status] [16473] Resolved module firebase-admin {\"declared\":true,\"installed\":true,\"version\":\"9.11.1\",\"resolution\":\"/home/tommyhooper/functions/node_modules/firebase-admin/lib/index.js\"}"}}
[debug] [2021-09-08T13:02:10.023Z] [runtime-status] [16473] Resolved module firebase-functions {"declared":true,"installed":true,"version":"3.15.5","resolution":"/home/tommyhooper/functions/node_modules/firebase-functions/lib/index.js"} {"metadata":{"emulator":{"name":"functions"},"function":{"name":"us-central1-api"},"message":"[runtime-status] [16473] Resolved module firebase-functions {\"declared\":true,\"installed\":true,\"version\":\"3.15.5\",\"resolution\":\"/home/tommyhooper/functions/node_modules/firebase-functions/lib/index.js\"}"}}
[debug] [2021-09-08T13:02:10.024Z] [runtime-status] [16473] Resolved module firebase-functions {"declared":true,"installed":true,"version":"3.15.5","resolution":"/home/tommyhooper/functions/node_modules/firebase-functions/lib/index.js"} {"metadata":{"emulator":{"name":"functions"},"function":{"name":"us-central1-api"},"message":"[runtime-status] [16473] Resolved module firebase-functions {\"declared\":true,\"installed\":true,\"version\":\"3.15.5\",\"resolution\":\"/home/tommyhooper/functions/node_modules/firebase-functions/lib/index.js\"}"}}
[debug] [2021-09-08T13:02:10.026Z] [runtime-status] [16473] Outgoing network have been stubbed. [{"name":"http","status":"mocked"},{"name":"http","status":"mocked"},{"name":"https","status":"mocked"},{"name":"https","status":"mocked"},{"name":"net","status":"mocked"}] {"metadata":{"emulator":{"name":"functions"},"function":{"name":"us-central1-api"},"message":"[runtime-status] [16473] Outgoing network have been stubbed. [{\"name\":\"http\",\"status\":\"mocked\"},{\"name\":\"http\",\"status\":\"mocked\"},{\"name\":\"https\",\"status\":\"mocked\"},{\"name\":\"https\",\"status\":\"mocked\"},{\"name\":\"net\",\"status\":\"mocked\"}]"}}
[debug] [2021-09-08T13:02:10.027Z] [runtime-status] [16473] Resolved module firebase-functions {"declared":true,"installed":true,"version":"3.15.5","resolution":"/home/tommyhooper/functions/node_modules/firebase-functions/lib/index.js"} {"metadata":{"emulator":{"name":"functions"},"function":{"name":"us-central1-api"},"message":"[runtime-status] [16473] Resolved module firebase-functions {\"declared\":true,\"installed\":true,\"version\":\"3.15.5\",\"resolution\":\"/home/tommyhooper/functions/node_modules/firebase-functions/lib/index.js\"}"}}
[debug] [2021-09-08T13:02:10.052Z] [runtime-status] [16473] Checked functions.config() {"config":{}} {"metadata":{"emulator":{"name":"functions"},"function":{"name":"us-central1-api"},"message":"[runtime-status] [16473] Checked functions.config() {\"config\":{}}"}}
[debug] [2021-09-08T13:02:10.053Z] [runtime-status] [16473] firebase-functions has been stubbed. {"functionsResolution":{"declared":true,"installed":true,"version":"3.15.5","resolution":"/home/tommyhooper/functions/node_modules/firebase-functions/lib/index.js"}} {"metadata":{"emulator":{"name":"functions"},"function":{"name":"us-central1-api"},"message":"[runtime-status] [16473] firebase-functions has been stubbed. {\"functionsResolution\":{\"declared\":true,\"installed\":true,\"version\":\"3.15.5\",\"resolution\":\"/home/tommyhooper/functions/node_modules/firebase-functions/lib/index.js\"}}"}}
[debug] [2021-09-08T13:02:10.054Z] [runtime-status] [16473] Resolved module firebase-functions {"declared":true,"installed":true,"version":"3.15.5","resolution":"/home/tommyhooper/functions/node_modules/firebase-functions/lib/index.js"} {"metadata":{"emulator":{"name":"functions"},"function":{"name":"us-central1-api"},"message":"[runtime-status] [16473] Resolved module firebase-functions {\"declared\":true,\"installed\":true,\"version\":\"3.15.5\",\"resolution\":\"/home/tommyhooper/functions/node_modules/firebase-functions/lib/index.js\"}"}}
[debug] [2021-09-08T13:02:10.055Z] [runtime-status] [16473] Resolved module firebase-admin {"declared":true,"installed":true,"version":"9.11.1","resolution":"/home/tommyhooper/functions/node_modules/firebase-admin/lib/index.js"} {"metadata":{"emulator":{"name":"functions"},"function":{"name":"us-central1-api"},"message":"[runtime-status] [16473] Resolved module firebase-admin {\"declared\":true,\"installed\":true,\"version\":\"9.11.1\",\"resolution\":\"/home/tommyhooper/functions/node_modules/firebase-admin/lib/index.js\"}"}}
[debug] [2021-09-08T13:02:10.056Z] [runtime-status] [16473] Resolved module firebase-functions {"declared":true,"installed":true,"version":"3.15.5","resolution":"/home/tommyhooper/functions/node_modules/firebase-functions/lib/index.js"} {"metadata":{"emulator":{"name":"functions"},"function":{"name":"us-central1-api"},"message":"[runtime-status] [16473] Resolved module firebase-functions {\"declared\":true,\"installed\":true,\"version\":\"3.15.5\",\"resolution\":\"/home/tommyhooper/functions/node_modules/firebase-functions/lib/index.js\"}"}}
[debug] [2021-09-08T13:02:10.056Z] [runtime-status] [16473] firebase-admin has been stubbed. {"adminResolution":{"declared":true,"installed":true,"version":"9.11.1","resolution":"/home/tommyhooper/functions/node_modules/firebase-admin/lib/index.js"}} {"metadata":{"emulator":{"name":"functions"},"function":{"name":"us-central1-api"},"message":"[runtime-status] [16473] firebase-admin has been stubbed. {\"adminResolution\":{\"declared\":true,\"installed\":true,\"version\":\"9.11.1\",\"resolution\":\"/home/tommyhooper/functions/node_modules/firebase-admin/lib/index.js\"}}"}}
[debug] [2021-09-08T13:02:10.092Z] [runtime-status] [16473] initializeApp(DEFAULT) {"storageBucket":"test-project-6e333.appspot.com","projectId":"test-project-6e333"} {"metadata":{"emulator":{"name":"functions"},"function":{"name":"us-central1-api"},"message":"[runtime-status] [16473] initializeApp(DEFAULT) {\"storageBucket\":\"test-project-6e333.appspot.com\",\"projectId\":\"test-project-6e333\"}"}}
[debug] [2021-09-08T13:02:10.104Z] [runtime-status] [16473] Trigger "us-central1-api" has been found, beginning invocation! {"metadata":{"emulator":{"name":"functions"},"function":{"name":"us-central1-api"},"message":"[runtime-status] [16473] Trigger \"us-central1-api\" has been found, beginning invocation!"}}
[info] i  functions: Beginning execution of "us-central1-api" {"metadata":{"emulator":{"name":"functions"},"function":{"name":"us-central1-api"},"message":"Beginning execution of \"us-central1-api\""}}
[debug] [2021-09-08T13:02:10.105Z] [runtime-status] [16473] triggerDefinition {"httpsTrigger":{},"name":"api","entryPoint":"api","regions":["us-central1"],"region":"us-central1","id":"us-central1-api"} {"metadata":{"emulator":{"name":"functions"},"function":{"name":"us-central1-api"},"message":"[runtime-status] [16473] triggerDefinition {\"httpsTrigger\":{},\"name\":\"api\",\"entryPoint\":\"api\",\"regions\":[\"us-central1\"],\"region\":\"us-central1\",\"id\":\"us-central1-api\"}"}}
[debug] [2021-09-08T13:02:10.105Z] [runtime-status] [16473] Running us-central1-api in mode HTTPS {"metadata":{"emulator":{"name":"functions"},"function":{"name":"us-central1-api"},"message":"[runtime-status] [16473] Running us-central1-api in mode HTTPS"}}
[debug] [2021-09-08T13:02:10.107Z] [runtime-status] [16473] Attempting to listen to socketPath: /tmp/fire_emu_16473.sock {"metadata":{"emulator":{"name":"functions"},"function":{"name":"us-central1-api"},"message":"[runtime-status] [16473] Attempting to listen to socketPath: /tmp/fire_emu_16473.sock"}}
[debug] [2021-09-08T13:02:10.110Z] [functions] Runtime ready! Sending request! {"metadata":{"emulator":{"name":"functions"},"message":"[functions] Runtime ready! Sending request!"}}
[debug] [2021-09-08T13:02:10.110Z] [functions] Got req.url=/test-project-6e333/us-central1/api/todos, mapping to path=/todos {"metadata":{"emulator":{"name":"functions"},"message":"[functions] Got req.url=/test-project-6e333/us-central1/api/todos, mapping to path=/todos"}}
[debug] [2021-09-08T13:02:10.115Z] [runtime-status] [16473] Ephemeral server handling GET request {"metadata":{"emulator":{"name":"functions"},"function":{"name":"us-central1-api"},"message":"[runtime-status] [16473] Ephemeral server handling GET request"}}
[debug] [2021-09-08T13:02:10.120Z] [runtime-status] [16473] Ephemeral server survived. {"metadata":{"emulator":{"name":"functions"},"function":{"name":"us-central1-api"},"message":"[runtime-status] [16473] Ephemeral server survived."}}
[warn] ⚠  Google API requested!
   - URL: "https://oauth2.googleapis.com/token"
   - Be careful, this may be a production service. {"metadata":{"emulator":{"name":"functions"},"function":{"name":"us-central1-api"},"message":"Google API requested!\n   - URL: \"https://oauth2.googleapis.com/token\"\n   - Be careful, this may be a production service."}}
[info] >  DEBUG ICcKadHmKAicbbwo9HfF {"user":"DEBUG ICcKadHmKAicbbwo9HfF","metadata":{"emulator":{"name":"functions"},"function":{"name":"us-central1-api"},"message":"\u001b[90m> \u001b[39m DEBUG ICcKadHmKAicbbwo9HfF"}}
[info] i  functions: Finished "us-central1-api" in ~1s {"metadata":{"emulator":{"name":"functions"},"function":{"name":"us-central1-api"},"message":"Finished \"us-central1-api\" in ~1s"}}
[debug] [2021-09-08T13:02:11.363Z] [worker-us-central1-api-948be60d-783a-4cfd-814d-761356bb546c]: IDLE {"metadata":{"emulator":{"name":"functions"},"message":"[worker-us-central1-api-948be60d-783a-4cfd-814d-761356bb546c]: IDLE"}}
[debug] [2021-09-08T13:02:11.363Z] [work-queue] {"queueLength":0,"workRunningCount":0}
[debug] [2021-09-08T13:02:56.940Z] File /home/tommyhooper/functions/APIs/todos.js changed, reloading triggers {"metadata":{"emulator":{"name":"functions"},"message":"File /home/tommyhooper/functions/APIs/todos.js changed, reloading triggers"}}
[debug] [2021-09-08T13:02:57.940Z] [worker-pool] Shutting down IDLE worker (~diagnostic~) {"metadata":{"emulator":{"name":"functions"},"message":"[worker-pool] Shutting down IDLE worker (~diagnostic~)"}}
[debug] [2021-09-08T13:02:57.940Z] [worker-~diagnostic~-a0f6743e-6e2f-4e31-a879-c3285ccb1018]: FINISHING {"metadata":{"emulator":{"name":"functions"},"message":"[worker-~diagnostic~-a0f6743e-6e2f-4e31-a879-c3285ccb1018]: FINISHING"}}
[debug] [2021-09-08T13:02:57.941Z] [worker-pool] Shutting down IDLE worker (us-central1-api) {"metadata":{"emulator":{"name":"functions"},"message":"[worker-pool] Shutting down IDLE worker (us-central1-api)"}}
[debug] [2021-09-08T13:02:57.941Z] [worker-us-central1-api-948be60d-783a-4cfd-814d-761356bb546c]: FINISHING {"metadata":{"emulator":{"name":"functions"},"message":"[worker-us-central1-api-948be60d-783a-4cfd-814d-761356bb546c]: FINISHING"}}
[debug] [2021-09-08T13:02:57.957Z] [worker-pool] addWorker(~diagnostic~) {"metadata":{"emulator":{"name":"functions"},"message":"[worker-pool] addWorker(~diagnostic~)"}}
[debug] [2021-09-08T13:02:57.957Z] [worker-pool] Adding worker with key ~diagnostic~, total=2 {"metadata":{"emulator":{"name":"functions"},"message":"[worker-pool] Adding worker with key ~diagnostic~, total=2"}}
[debug] [2021-09-08T13:02:57.958Z] [worker-pool] submitWork(triggerId=) {"metadata":{"emulator":{"name":"functions"},"message":"[worker-pool] submitWork(triggerId=)"}}
[debug] [2021-09-08T13:02:57.958Z] [worker-~diagnostic~-e413e5dc-6009-41e6-bfe5-5cac667c1489]: Assigning socketPath: /tmp/fire_emu_16528.sock {"metadata":{"emulator":{"name":"functions"},"message":"[worker-~diagnostic~-e413e5dc-6009-41e6-bfe5-5cac667c1489]: Assigning socketPath: /tmp/fire_emu_16528.sock"}}
[debug] [2021-09-08T13:02:57.959Z] [worker-~diagnostic~-e413e5dc-6009-41e6-bfe5-5cac667c1489]: BUSY {"metadata":{"emulator":{"name":"functions"},"message":"[worker-~diagnostic~-e413e5dc-6009-41e6-bfe5-5cac667c1489]: BUSY"}}
[debug] [2021-09-08T13:02:57.964Z] [worker-~diagnostic~-a0f6743e-6e2f-4e31-a879-c3285ccb1018]: exited {"metadata":{"emulator":{"name":"functions"},"message":"[worker-~diagnostic~-a0f6743e-6e2f-4e31-a879-c3285ccb1018]: exited"}}
[debug] [2021-09-08T13:02:57.964Z] [worker-~diagnostic~-a0f6743e-6e2f-4e31-a879-c3285ccb1018]: FINISHED {"metadata":{"emulator":{"name":"functions"},"message":"[worker-~diagnostic~-a0f6743e-6e2f-4e31-a879-c3285ccb1018]: FINISHED"}}
[debug] [2021-09-08T13:02:57.965Z] [worker-us-central1-api-948be60d-783a-4cfd-814d-761356bb546c]: exited {"metadata":{"emulator":{"name":"functions"},"message":"[worker-us-central1-api-948be60d-783a-4cfd-814d-761356bb546c]: exited"}}
[debug] [2021-09-08T13:02:57.965Z] [worker-us-central1-api-948be60d-783a-4cfd-814d-761356bb546c]: FINISHED {"metadata":{"emulator":{"name":"functions"},"message":"[worker-us-central1-api-948be60d-783a-4cfd-814d-761356bb546c]: FINISHED"}}
[debug] [2021-09-08T13:02:58.177Z] [runtime-status] [16528] Functions runtime initialized. {"cwd":"/home/tommyhooper/functions","node_version":"14.16.0"} {"metadata":{"emulator":{"name":"functions"},"message":"[runtime-status] [16528] Functions runtime initialized. {\"cwd\":\"/home/tommyhooper/functions\",\"node_version\":\"14.16.0\"}"}}
[debug] [2021-09-08T13:02:58.178Z] [runtime-status] [16528] Disabled runtime features: undefined {"metadata":{"emulator":{"name":"functions"},"message":"[runtime-status] [16528] Disabled runtime features: undefined"}}
[debug] [2021-09-08T13:02:58.180Z] [runtime-status] [16528] Resolved module firebase-admin {"declared":true,"installed":true,"version":"9.11.1","resolution":"/home/tommyhooper/functions/node_modules/firebase-admin/lib/index.js"} {"metadata":{"emulator":{"name":"functions"},"message":"[runtime-status] [16528] Resolved module firebase-admin {\"declared\":true,\"installed\":true,\"version\":\"9.11.1\",\"resolution\":\"/home/tommyhooper/functions/node_modules/firebase-admin/lib/index.js\"}"}}
[debug] [2021-09-08T13:02:58.183Z] [runtime-status] [16528] Resolved module firebase-functions {"declared":true,"installed":true,"version":"3.15.5","resolution":"/home/tommyhooper/functions/node_modules/firebase-functions/lib/index.js"} {"metadata":{"emulator":{"name":"functions"},"message":"[runtime-status] [16528] Resolved module firebase-functions {\"declared\":true,\"installed\":true,\"version\":\"3.15.5\",\"resolution\":\"/home/tommyhooper/functions/node_modules/firebase-functions/lib/index.js\"}"}}
[debug] [2021-09-08T13:02:58.185Z] [runtime-status] [16528] Resolved module firebase-functions {"declared":true,"installed":true,"version":"3.15.5","resolution":"/home/tommyhooper/functions/node_modules/firebase-functions/lib/index.js"} {"metadata":{"emulator":{"name":"functions"},"message":"[runtime-status] [16528] Resolved module firebase-functions {\"declared\":true,\"installed\":true,\"version\":\"3.15.5\",\"resolution\":\"/home/tommyhooper/functions/node_modules/firebase-functions/lib/index.js\"}"}}
[debug] [2021-09-08T13:02:58.186Z] [runtime-status] [16528] Outgoing network have been stubbed. [{"name":"http","status":"mocked"},{"name":"http","status":"mocked"},{"name":"https","status":"mocked"},{"name":"https","status":"mocked"},{"name":"net","status":"mocked"}] {"metadata":{"emulator":{"name":"functions"},"message":"[runtime-status] [16528] Outgoing network have been stubbed. [{\"name\":\"http\",\"status\":\"mocked\"},{\"name\":\"http\",\"status\":\"mocked\"},{\"name\":\"https\",\"status\":\"mocked\"},{\"name\":\"https\",\"status\":\"mocked\"},{\"name\":\"net\",\"status\":\"mocked\"}]"}}
[debug] [2021-09-08T13:02:58.187Z] [runtime-status] [16528] Resolved module firebase-functions {"declared":true,"installed":true,"version":"3.15.5","resolution":"/home/tommyhooper/functions/node_modules/firebase-functions/lib/index.js"} {"metadata":{"emulator":{"name":"functions"},"message":"[runtime-status] [16528] Resolved module firebase-functions {\"declared\":true,\"installed\":true,\"version\":\"3.15.5\",\"resolution\":\"/home/tommyhooper/functions/node_modules/firebase-functions/lib/index.js\"}"}}
[debug] [2021-09-08T13:02:58.212Z] [runtime-status] [16528] Checked functions.config() {"config":{}} {"metadata":{"emulator":{"name":"functions"},"message":"[runtime-status] [16528] Checked functions.config() {\"config\":{}}"}}
[debug] [2021-09-08T13:02:58.212Z] [runtime-status] [16528] firebase-functions has been stubbed. {"functionsResolution":{"declared":true,"installed":true,"version":"3.15.5","resolution":"/home/tommyhooper/functions/node_modules/firebase-functions/lib/index.js"}} {"metadata":{"emulator":{"name":"functions"},"message":"[runtime-status] [16528] firebase-functions has been stubbed. {\"functionsResolution\":{\"declared\":true,\"installed\":true,\"version\":\"3.15.5\",\"resolution\":\"/home/tommyhooper/functions/node_modules/firebase-functions/lib/index.js\"}}"}}
[debug] [2021-09-08T13:02:58.213Z] [runtime-status] [16528] Resolved module firebase-functions {"declared":true,"installed":true,"version":"3.15.5","resolution":"/home/tommyhooper/functions/node_modules/firebase-functions/lib/index.js"} {"metadata":{"emulator":{"name":"functions"},"message":"[runtime-status] [16528] Resolved module firebase-functions {\"declared\":true,\"installed\":true,\"version\":\"3.15.5\",\"resolution\":\"/home/tommyhooper/functions/node_modules/firebase-functions/lib/index.js\"}"}}
[debug] [2021-09-08T13:02:58.214Z] [runtime-status] [16528] Resolved module firebase-admin {"declared":true,"installed":true,"version":"9.11.1","resolution":"/home/tommyhooper/functions/node_modules/firebase-admin/lib/index.js"} {"metadata":{"emulator":{"name":"functions"},"message":"[runtime-status] [16528] Resolved module firebase-admin {\"declared\":true,\"installed\":true,\"version\":\"9.11.1\",\"resolution\":\"/home/tommyhooper/functions/node_modules/firebase-admin/lib/index.js\"}"}}
[debug] [2021-09-08T13:02:58.214Z] [runtime-status] [16528] Resolved module firebase-functions {"declared":true,"installed":true,"version":"3.15.5","resolution":"/home/tommyhooper/functions/node_modules/firebase-functions/lib/index.js"} {"metadata":{"emulator":{"name":"functions"},"message":"[runtime-status] [16528] Resolved module firebase-functions {\"declared\":true,\"installed\":true,\"version\":\"3.15.5\",\"resolution\":\"/home/tommyhooper/functions/node_modules/firebase-functions/lib/index.js\"}"}}
[debug] [2021-09-08T13:02:58.215Z] [runtime-status] [16528] firebase-admin has been stubbed. {"adminResolution":{"declared":true,"installed":true,"version":"9.11.1","resolution":"/home/tommyhooper/functions/node_modules/firebase-admin/lib/index.js"}} {"metadata":{"emulator":{"name":"functions"},"message":"[runtime-status] [16528] firebase-admin has been stubbed. {\"adminResolution\":{\"declared\":true,\"installed\":true,\"version\":\"9.11.1\",\"resolution\":\"/home/tommyhooper/functions/node_modules/firebase-admin/lib/index.js\"}}"}}
[debug] [2021-09-08T13:02:58.250Z] [runtime-status] [16528] initializeApp(DEFAULT) {"storageBucket":"test-project-6e333.appspot.com","projectId":"test-project-6e333"} {"metadata":{"emulator":{"name":"functions"},"message":"[runtime-status] [16528] initializeApp(DEFAULT) {\"storageBucket\":\"test-project-6e333.appspot.com\",\"projectId\":\"test-project-6e333\"}"}}
[debug] [2021-09-08T13:02:58.262Z] [worker-~diagnostic~-e413e5dc-6009-41e6-bfe5-5cac667c1489]: IDLE {"metadata":{"emulator":{"name":"functions"},"message":"[worker-~diagnostic~-e413e5dc-6009-41e6-bfe5-5cac667c1489]: IDLE"}}
[debug] [2021-09-08T13:03:01.961Z] [work-queue] {"queueLength":1,"workRunningCount":0}
[debug] [2021-09-08T13:03:01.962Z] [work-queue] {"queueLength":0,"workRunningCount":1}
[debug] [2021-09-08T13:03:01.962Z] Accepted request GET /test-project-6e333/us-central1/api/todos --> us-central1-api
[debug] [2021-09-08T13:03:01.963Z] [worker-pool] Cleaned up workers for ~diagnostic~: 2 --> 1 {"metadata":{"emulator":{"name":"functions"},"message":"[worker-pool] Cleaned up workers for ~diagnostic~: 2 --> 1"}}
[debug] [2021-09-08T13:03:01.964Z] [worker-pool] Cleaned up workers for us-central1-api: 1 --> 0 {"metadata":{"emulator":{"name":"functions"},"message":"[worker-pool] Cleaned up workers for us-central1-api: 1 --> 0"}}
[debug] [2021-09-08T13:03:01.975Z] [worker-pool] addWorker(us-central1-api) {"metadata":{"emulator":{"name":"functions"},"message":"[worker-pool] addWorker(us-central1-api)"}}
[debug] [2021-09-08T13:03:01.976Z] [worker-pool] Adding worker with key us-central1-api, total=1 {"metadata":{"emulator":{"name":"functions"},"message":"[worker-pool] Adding worker with key us-central1-api, total=1"}}
[debug] [2021-09-08T13:03:01.979Z] [worker-pool] submitWork(triggerId=us-central1-api) {"metadata":{"emulator":{"name":"functions"},"message":"[worker-pool] submitWork(triggerId=us-central1-api)"}}
[debug] [2021-09-08T13:03:01.981Z] [worker-us-central1-api-9153a311-e5f4-4c4b-9f99-b0d9c10c3a1b]: Assigning socketPath: /tmp/fire_emu_16541.sock {"metadata":{"emulator":{"name":"functions"},"message":"[worker-us-central1-api-9153a311-e5f4-4c4b-9f99-b0d9c10c3a1b]: Assigning socketPath: /tmp/fire_emu_16541.sock"}}
[debug] [2021-09-08T13:03:01.982Z] [worker-us-central1-api-9153a311-e5f4-4c4b-9f99-b0d9c10c3a1b]: BUSY {"metadata":{"emulator":{"name":"functions"},"message":"[worker-us-central1-api-9153a311-e5f4-4c4b-9f99-b0d9c10c3a1b]: BUSY"}}
[debug] [2021-09-08T13:03:02.166Z] [runtime-status] [16541] Functions runtime initialized. {"cwd":"/home/tommyhooper/functions","node_version":"14.16.0"} {"metadata":{"emulator":{"name":"functions"},"function":{"name":"us-central1-api"},"message":"[runtime-status] [16541] Functions runtime initialized. {\"cwd\":\"/home/tommyhooper/functions\",\"node_version\":\"14.16.0\"}"}}
[debug] [2021-09-08T13:03:02.168Z] [runtime-status] [16541] Disabled runtime features: undefined {"metadata":{"emulator":{"name":"functions"},"function":{"name":"us-central1-api"},"message":"[runtime-status] [16541] Disabled runtime features: undefined"}}
[debug] [2021-09-08T13:03:02.170Z] [runtime-status] [16541] Resolved module firebase-admin {"declared":true,"installed":true,"version":"9.11.1","resolution":"/home/tommyhooper/functions/node_modules/firebase-admin/lib/index.js"} {"metadata":{"emulator":{"name":"functions"},"function":{"name":"us-central1-api"},"message":"[runtime-status] [16541] Resolved module firebase-admin {\"declared\":true,\"installed\":true,\"version\":\"9.11.1\",\"resolution\":\"/home/tommyhooper/functions/node_modules/firebase-admin/lib/index.js\"}"}}
[debug] [2021-09-08T13:03:02.172Z] [runtime-status] [16541] Resolved module firebase-functions {"declared":true,"installed":true,"version":"3.15.5","resolution":"/home/tommyhooper/functions/node_modules/firebase-functions/lib/index.js"} {"metadata":{"emulator":{"name":"functions"},"function":{"name":"us-central1-api"},"message":"[runtime-status] [16541] Resolved module firebase-functions {\"declared\":true,\"installed\":true,\"version\":\"3.15.5\",\"resolution\":\"/home/tommyhooper/functions/node_modules/firebase-functions/lib/index.js\"}"}}
[debug] [2021-09-08T13:03:02.173Z] [runtime-status] [16541] Resolved module firebase-functions {"declared":true,"installed":true,"version":"3.15.5","resolution":"/home/tommyhooper/functions/node_modules/firebase-functions/lib/index.js"} {"metadata":{"emulator":{"name":"functions"},"function":{"name":"us-central1-api"},"message":"[runtime-status] [16541] Resolved module firebase-functions {\"declared\":true,\"installed\":true,\"version\":\"3.15.5\",\"resolution\":\"/home/tommyhooper/functions/node_modules/firebase-functions/lib/index.js\"}"}}
[debug] [2021-09-08T13:03:02.174Z] [runtime-status] [16541] Outgoing network have been stubbed. [{"name":"http","status":"mocked"},{"name":"http","status":"mocked"},{"name":"https","status":"mocked"},{"name":"https","status":"mocked"},{"name":"net","status":"mocked"}] {"metadata":{"emulator":{"name":"functions"},"function":{"name":"us-central1-api"},"message":"[runtime-status] [16541] Outgoing network have been stubbed. [{\"name\":\"http\",\"status\":\"mocked\"},{\"name\":\"http\",\"status\":\"mocked\"},{\"name\":\"https\",\"status\":\"mocked\"},{\"name\":\"https\",\"status\":\"mocked\"},{\"name\":\"net\",\"status\":\"mocked\"}]"}}
[debug] [2021-09-08T13:03:02.176Z] [runtime-status] [16541] Resolved module firebase-functions {"declared":true,"installed":true,"version":"3.15.5","resolution":"/home/tommyhooper/functions/node_modules/firebase-functions/lib/index.js"} {"metadata":{"emulator":{"name":"functions"},"function":{"name":"us-central1-api"},"message":"[runtime-status] [16541] Resolved module firebase-functions {\"declared\":true,\"installed\":true,\"version\":\"3.15.5\",\"resolution\":\"/home/tommyhooper/functions/node_modules/firebase-functions/lib/index.js\"}"}}
[debug] [2021-09-08T13:03:02.201Z] [runtime-status] [16541] Checked functions.config() {"config":{}} {"metadata":{"emulator":{"name":"functions"},"function":{"name":"us-central1-api"},"message":"[runtime-status] [16541] Checked functions.config() {\"config\":{}}"}}
[debug] [2021-09-08T13:03:02.201Z] [runtime-status] [16541] firebase-functions has been stubbed. {"functionsResolution":{"declared":true,"installed":true,"version":"3.15.5","resolution":"/home/tommyhooper/functions/node_modules/firebase-functions/lib/index.js"}} {"metadata":{"emulator":{"name":"functions"},"function":{"name":"us-central1-api"},"message":"[runtime-status] [16541] firebase-functions has been stubbed. {\"functionsResolution\":{\"declared\":true,\"installed\":true,\"version\":\"3.15.5\",\"resolution\":\"/home/tommyhooper/functions/node_modules/firebase-functions/lib/index.js\"}}"}}
[debug] [2021-09-08T13:03:02.201Z] [runtime-status] [16541] Resolved module firebase-functions {"declared":true,"installed":true,"version":"3.15.5","resolution":"/home/tommyhooper/functions/node_modules/firebase-functions/lib/index.js"} {"metadata":{"emulator":{"name":"functions"},"function":{"name":"us-central1-api"},"message":"[runtime-status] [16541] Resolved module firebase-functions {\"declared\":true,\"installed\":true,\"version\":\"3.15.5\",\"resolution\":\"/home/tommyhooper/functions/node_modules/firebase-functions/lib/index.js\"}"}}
[debug] [2021-09-08T13:03:02.202Z] [runtime-status] [16541] Resolved module firebase-admin {"declared":true,"installed":true,"version":"9.11.1","resolution":"/home/tommyhooper/functions/node_modules/firebase-admin/lib/index.js"} {"metadata":{"emulator":{"name":"functions"},"function":{"name":"us-central1-api"},"message":"[runtime-status] [16541] Resolved module firebase-admin {\"declared\":true,\"installed\":true,\"version\":\"9.11.1\",\"resolution\":\"/home/tommyhooper/functions/node_modules/firebase-admin/lib/index.js\"}"}}
[debug] [2021-09-08T13:03:02.203Z] [runtime-status] [16541] Resolved module firebase-functions {"declared":true,"installed":true,"version":"3.15.5","resolution":"/home/tommyhooper/functions/node_modules/firebase-functions/lib/index.js"} {"metadata":{"emulator":{"name":"functions"},"function":{"name":"us-central1-api"},"message":"[runtime-status] [16541] Resolved module firebase-functions {\"declared\":true,\"installed\":true,\"version\":\"3.15.5\",\"resolution\":\"/home/tommyhooper/functions/node_modules/firebase-functions/lib/index.js\"}"}}
[debug] [2021-09-08T13:03:02.203Z] [runtime-status] [16541] firebase-admin has been stubbed. {"adminResolution":{"declared":true,"installed":true,"version":"9.11.1","resolution":"/home/tommyhooper/functions/node_modules/firebase-admin/lib/index.js"}} {"metadata":{"emulator":{"name":"functions"},"function":{"name":"us-central1-api"},"message":"[runtime-status] [16541] firebase-admin has been stubbed. {\"adminResolution\":{\"declared\":true,\"installed\":true,\"version\":\"9.11.1\",\"resolution\":\"/home/tommyhooper/functions/node_modules/firebase-admin/lib/index.js\"}}"}}
[debug] [2021-09-08T13:03:02.240Z] [runtime-status] [16541] initializeApp(DEFAULT) {"storageBucket":"test-project-6e333.appspot.com","projectId":"test-project-6e333"} {"metadata":{"emulator":{"name":"functions"},"function":{"name":"us-central1-api"},"message":"[runtime-status] [16541] initializeApp(DEFAULT) {\"storageBucket\":\"test-project-6e333.appspot.com\",\"projectId\":\"test-project-6e333\"}"}}
[debug] [2021-09-08T13:03:02.253Z] [runtime-status] [16541] Trigger "us-central1-api" has been found, beginning invocation! {"metadata":{"emulator":{"name":"functions"},"function":{"name":"us-central1-api"},"message":"[runtime-status] [16541] Trigger \"us-central1-api\" has been found, beginning invocation!"}}
[info] i  functions: Beginning execution of "us-central1-api" {"metadata":{"emulator":{"name":"functions"},"function":{"name":"us-central1-api"},"message":"Beginning execution of \"us-central1-api\""}}
[debug] [2021-09-08T13:03:02.254Z] [runtime-status] [16541] triggerDefinition {"httpsTrigger":{},"name":"api","entryPoint":"api","regions":["us-central1"],"region":"us-central1","id":"us-central1-api"} {"metadata":{"emulator":{"name":"functions"},"function":{"name":"us-central1-api"},"message":"[runtime-status] [16541] triggerDefinition {\"httpsTrigger\":{},\"name\":\"api\",\"entryPoint\":\"api\",\"regions\":[\"us-central1\"],\"region\":\"us-central1\",\"id\":\"us-central1-api\"}"}}
[debug] [2021-09-08T13:03:02.254Z] [runtime-status] [16541] Running us-central1-api in mode HTTPS {"metadata":{"emulator":{"name":"functions"},"function":{"name":"us-central1-api"},"message":"[runtime-status] [16541] Running us-central1-api in mode HTTPS"}}
[debug] [2021-09-08T13:03:02.256Z] [runtime-status] [16541] Attempting to listen to socketPath: /tmp/fire_emu_16541.sock {"metadata":{"emulator":{"name":"functions"},"function":{"name":"us-central1-api"},"message":"[runtime-status] [16541] Attempting to listen to socketPath: /tmp/fire_emu_16541.sock"}}
[debug] [2021-09-08T13:03:02.258Z] [functions] Runtime ready! Sending request! {"metadata":{"emulator":{"name":"functions"},"message":"[functions] Runtime ready! Sending request!"}}
[debug] [2021-09-08T13:03:02.258Z] [functions] Got req.url=/test-project-6e333/us-central1/api/todos, mapping to path=/todos {"metadata":{"emulator":{"name":"functions"},"message":"[functions] Got req.url=/test-project-6e333/us-central1/api/todos, mapping to path=/todos"}}
[debug] [2021-09-08T13:03:02.262Z] [runtime-status] [16541] Ephemeral server handling GET request {"metadata":{"emulator":{"name":"functions"},"function":{"name":"us-central1-api"},"message":"[runtime-status] [16541] Ephemeral server handling GET request"}}
[debug] [2021-09-08T13:03:02.267Z] [runtime-status] [16541] Ephemeral server survived. {"metadata":{"emulator":{"name":"functions"},"function":{"name":"us-central1-api"},"message":"[runtime-status] [16541] Ephemeral server survived."}}
[warn] ⚠  Google API requested!
   - URL: "https://oauth2.googleapis.com/token"
   - Be careful, this may be a production service. {"metadata":{"emulator":{"name":"functions"},"function":{"name":"us-central1-api"},"message":"Google API requested!\n   - URL: \"https://oauth2.googleapis.com/token\"\n   - Be careful, this may be a production service."}}
[info] >  DEBUG ICcKadHmKAicbbwo9HfF {"user":"DEBUG ICcKadHmKAicbbwo9HfF","metadata":{"emulator":{"name":"functions"},"function":{"name":"us-central1-api"},"message":"\u001b[90m> \u001b[39m DEBUG ICcKadHmKAicbbwo9HfF"}}
[info] i  functions: Finished "us-central1-api" in ~1s {"metadata":{"emulator":{"name":"functions"},"function":{"name":"us-central1-api"},"message":"Finished \"us-central1-api\" in ~1s"}}
[debug] [2021-09-08T13:03:03.602Z] [worker-us-central1-api-9153a311-e5f4-4c4b-9f99-b0d9c10c3a1b]: IDLE {"metadata":{"emulator":{"name":"functions"},"message":"[worker-us-central1-api-9153a311-e5f4-4c4b-9f99-b0d9c10c3a1b]: IDLE"}}
[debug] [2021-09-08T13:03:03.603Z] [work-queue] {"queueLength":0,"workRunningCount":0}
[debug] [2021-09-08T13:05:08.748Z] File /home/tommyhooper/functions/APIs/todos.js changed, reloading triggers {"metadata":{"emulator":{"name":"functions"},"message":"File /home/tommyhooper/functions/APIs/todos.js changed, reloading triggers"}}
[debug] [2021-09-08T13:05:09.749Z] [worker-pool] Shutting down IDLE worker (~diagnostic~) {"metadata":{"emulator":{"name":"functions"},"message":"[worker-pool] Shutting down IDLE worker (~diagnostic~)"}}
[debug] [2021-09-08T13:05:09.750Z] [worker-~diagnostic~-e413e5dc-6009-41e6-bfe5-5cac667c1489]: FINISHING {"metadata":{"emulator":{"name":"functions"},"message":"[worker-~diagnostic~-e413e5dc-6009-41e6-bfe5-5cac667c1489]: FINISHING"}}
[debug] [2021-09-08T13:05:09.750Z] [worker-pool] Shutting down IDLE worker (us-central1-api) {"metadata":{"emulator":{"name":"functions"},"message":"[worker-pool] Shutting down IDLE worker (us-central1-api)"}}
[debug] [2021-09-08T13:05:09.751Z] [worker-us-central1-api-9153a311-e5f4-4c4b-9f99-b0d9c10c3a1b]: FINISHING {"metadata":{"emulator":{"name":"functions"},"message":"[worker-us-central1-api-9153a311-e5f4-4c4b-9f99-b0d9c10c3a1b]: FINISHING"}}
[debug] [2021-09-08T13:05:09.765Z] [worker-pool] addWorker(~diagnostic~) {"metadata":{"emulator":{"name":"functions"},"message":"[worker-pool] addWorker(~diagnostic~)"}}
[debug] [2021-09-08T13:05:09.765Z] [worker-pool] Adding worker with key ~diagnostic~, total=2 {"metadata":{"emulator":{"name":"functions"},"message":"[worker-pool] Adding worker with key ~diagnostic~, total=2"}}
[debug] [2021-09-08T13:05:09.766Z] [worker-pool] submitWork(triggerId=) {"metadata":{"emulator":{"name":"functions"},"message":"[worker-pool] submitWork(triggerId=)"}}
[debug] [2021-09-08T13:05:09.766Z] [worker-~diagnostic~-4eb0ddcd-32c9-4f72-8422-cefc73b39032]: Assigning socketPath: /tmp/fire_emu_16671.sock {"metadata":{"emulator":{"name":"functions"},"message":"[worker-~diagnostic~-4eb0ddcd-32c9-4f72-8422-cefc73b39032]: Assigning socketPath: /tmp/fire_emu_16671.sock"}}
[debug] [2021-09-08T13:05:09.766Z] [worker-~diagnostic~-4eb0ddcd-32c9-4f72-8422-cefc73b39032]: BUSY {"metadata":{"emulator":{"name":"functions"},"message":"[worker-~diagnostic~-4eb0ddcd-32c9-4f72-8422-cefc73b39032]: BUSY"}}
[debug] [2021-09-08T13:05:09.769Z] [worker-~diagnostic~-e413e5dc-6009-41e6-bfe5-5cac667c1489]: exited {"metadata":{"emulator":{"name":"functions"},"message":"[worker-~diagnostic~-e413e5dc-6009-41e6-bfe5-5cac667c1489]: exited"}}
[debug] [2021-09-08T13:05:09.770Z] [worker-~diagnostic~-e413e5dc-6009-41e6-bfe5-5cac667c1489]: FINISHED {"metadata":{"emulator":{"name":"functions"},"message":"[worker-~diagnostic~-e413e5dc-6009-41e6-bfe5-5cac667c1489]: FINISHED"}}
[debug] [2021-09-08T13:05:09.770Z] [worker-us-central1-api-9153a311-e5f4-4c4b-9f99-b0d9c10c3a1b]: exited {"metadata":{"emulator":{"name":"functions"},"message":"[worker-us-central1-api-9153a311-e5f4-4c4b-9f99-b0d9c10c3a1b]: exited"}}
[debug] [2021-09-08T13:05:09.770Z] [worker-us-central1-api-9153a311-e5f4-4c4b-9f99-b0d9c10c3a1b]: FINISHED {"metadata":{"emulator":{"name":"functions"},"message":"[worker-us-central1-api-9153a311-e5f4-4c4b-9f99-b0d9c10c3a1b]: FINISHED"}}
[debug] [2021-09-08T13:05:09.963Z] [runtime-status] [16671] Functions runtime initialized. {"cwd":"/home/tommyhooper/functions","node_version":"14.16.0"} {"metadata":{"emulator":{"name":"functions"},"message":"[runtime-status] [16671] Functions runtime initialized. {\"cwd\":\"/home/tommyhooper/functions\",\"node_version\":\"14.16.0\"}"}}
[debug] [2021-09-08T13:05:09.965Z] [runtime-status] [16671] Disabled runtime features: undefined {"metadata":{"emulator":{"name":"functions"},"message":"[runtime-status] [16671] Disabled runtime features: undefined"}}
[debug] [2021-09-08T13:05:09.967Z] [runtime-status] [16671] Resolved module firebase-admin {"declared":true,"installed":true,"version":"9.11.1","resolution":"/home/tommyhooper/functions/node_modules/firebase-admin/lib/index.js"} {"metadata":{"emulator":{"name":"functions"},"message":"[runtime-status] [16671] Resolved module firebase-admin {\"declared\":true,\"installed\":true,\"version\":\"9.11.1\",\"resolution\":\"/home/tommyhooper/functions/node_modules/firebase-admin/lib/index.js\"}"}}
[debug] [2021-09-08T13:05:09.971Z] [runtime-status] [16671] Resolved module firebase-functions {"declared":true,"installed":true,"version":"3.15.5","resolution":"/home/tommyhooper/functions/node_modules/firebase-functions/lib/index.js"} {"metadata":{"emulator":{"name":"functions"},"message":"[runtime-status] [16671] Resolved module firebase-functions {\"declared\":true,\"installed\":true,\"version\":\"3.15.5\",\"resolution\":\"/home/tommyhooper/functions/node_modules/firebase-functions/lib/index.js\"}"}}
[debug] [2021-09-08T13:05:09.972Z] [runtime-status] [16671] Resolved module firebase-functions {"declared":true,"installed":true,"version":"3.15.5","resolution":"/home/tommyhooper/functions/node_modules/firebase-functions/lib/index.js"} {"metadata":{"emulator":{"name":"functions"},"message":"[runtime-status] [16671] Resolved module firebase-functions {\"declared\":true,\"installed\":true,\"version\":\"3.15.5\",\"resolution\":\"/home/tommyhooper/functions/node_modules/firebase-functions/lib/index.js\"}"}}
[debug] [2021-09-08T13:05:09.974Z] [runtime-status] [16671] Outgoing network have been stubbed. [{"name":"http","status":"mocked"},{"name":"http","status":"mocked"},{"name":"https","status":"mocked"},{"name":"https","status":"mocked"},{"name":"net","status":"mocked"}] {"metadata":{"emulator":{"name":"functions"},"message":"[runtime-status] [16671] Outgoing network have been stubbed. [{\"name\":\"http\",\"status\":\"mocked\"},{\"name\":\"http\",\"status\":\"mocked\"},{\"name\":\"https\",\"status\":\"mocked\"},{\"name\":\"https\",\"status\":\"mocked\"},{\"name\":\"net\",\"status\":\"mocked\"}]"}}
[debug] [2021-09-08T13:05:09.975Z] [runtime-status] [16671] Resolved module firebase-functions {"declared":true,"installed":true,"version":"3.15.5","resolution":"/home/tommyhooper/functions/node_modules/firebase-functions/lib/index.js"} {"metadata":{"emulator":{"name":"functions"},"message":"[runtime-status] [16671] Resolved module firebase-functions {\"declared\":true,\"installed\":true,\"version\":\"3.15.5\",\"resolution\":\"/home/tommyhooper/functions/node_modules/firebase-functions/lib/index.js\"}"}}
[debug] [2021-09-08T13:05:10.002Z] [runtime-status] [16671] Checked functions.config() {"config":{}} {"metadata":{"emulator":{"name":"functions"},"message":"[runtime-status] [16671] Checked functions.config() {\"config\":{}}"}}
[debug] [2021-09-08T13:05:10.003Z] [runtime-status] [16671] firebase-functions has been stubbed. {"functionsResolution":{"declared":true,"installed":true,"version":"3.15.5","resolution":"/home/tommyhooper/functions/node_modules/firebase-functions/lib/index.js"}} {"metadata":{"emulator":{"name":"functions"},"message":"[runtime-status] [16671] firebase-functions has been stubbed. {\"functionsResolution\":{\"declared\":true,\"installed\":true,\"version\":\"3.15.5\",\"resolution\":\"/home/tommyhooper/functions/node_modules/firebase-functions/lib/index.js\"}}"}}
[debug] [2021-09-08T13:05:10.004Z] [runtime-status] [16671] Resolved module firebase-functions {"declared":true,"installed":true,"version":"3.15.5","resolution":"/home/tommyhooper/functions/node_modules/firebase-functions/lib/index.js"} {"metadata":{"emulator":{"name":"functions"},"message":"[runtime-status] [16671] Resolved module firebase-functions {\"declared\":true,\"installed\":true,\"version\":\"3.15.5\",\"resolution\":\"/home/tommyhooper/functions/node_modules/firebase-functions/lib/index.js\"}"}}
[debug] [2021-09-08T13:05:10.005Z] [runtime-status] [16671] Resolved module firebase-admin {"declared":true,"installed":true,"version":"9.11.1","resolution":"/home/tommyhooper/functions/node_modules/firebase-admin/lib/index.js"} {"metadata":{"emulator":{"name":"functions"},"message":"[runtime-status] [16671] Resolved module firebase-admin {\"declared\":true,\"installed\":true,\"version\":\"9.11.1\",\"resolution\":\"/home/tommyhooper/functions/node_modules/firebase-admin/lib/index.js\"}"}}
[debug] [2021-09-08T13:05:10.005Z] [runtime-status] [16671] Resolved module firebase-functions {"declared":true,"installed":true,"version":"3.15.5","resolution":"/home/tommyhooper/functions/node_modules/firebase-functions/lib/index.js"} {"metadata":{"emulator":{"name":"functions"},"message":"[runtime-status] [16671] Resolved module firebase-functions {\"declared\":true,\"installed\":true,\"version\":\"3.15.5\",\"resolution\":\"/home/tommyhooper/functions/node_modules/firebase-functions/lib/index.js\"}"}}
[debug] [2021-09-08T13:05:10.005Z] [runtime-status] [16671] firebase-admin has been stubbed. {"adminResolution":{"declared":true,"installed":true,"version":"9.11.1","resolution":"/home/tommyhooper/functions/node_modules/firebase-admin/lib/index.js"}} {"metadata":{"emulator":{"name":"functions"},"message":"[runtime-status] [16671] firebase-admin has been stubbed. {\"adminResolution\":{\"declared\":true,\"installed\":true,\"version\":\"9.11.1\",\"resolution\":\"/home/tommyhooper/functions/node_modules/firebase-admin/lib/index.js\"}}"}}
[debug] [2021-09-08T13:05:10.045Z] [runtime-status] [16671] initializeApp(DEFAULT) {"storageBucket":"test-project-6e333.appspot.com","projectId":"test-project-6e333"} {"metadata":{"emulator":{"name":"functions"},"message":"[runtime-status] [16671] initializeApp(DEFAULT) {\"storageBucket\":\"test-project-6e333.appspot.com\",\"projectId\":\"test-project-6e333\"}"}}
[debug] [2021-09-08T13:05:10.058Z] [worker-~diagnostic~-4eb0ddcd-32c9-4f72-8422-cefc73b39032]: IDLE {"metadata":{"emulator":{"name":"functions"},"message":"[worker-~diagnostic~-4eb0ddcd-32c9-4f72-8422-cefc73b39032]: IDLE"}}
